mode: set
github.com/brlbil/replica-go/replica/files.go:15.31,15.48 1 1
github.com/brlbil/replica-go/replica/files.go:16.31,16.58 1 1
github.com/brlbil/replica-go/replica/files.go:17.36,18.64 1 1
github.com/brlbil/replica-go/replica/files.go:21.2,21.19 1 1
github.com/brlbil/replica-go/replica/files.go:18.64,20.3 1 1
github.com/brlbil/replica-go/replica/files.go:24.30,26.23 2 1
github.com/brlbil/replica-go/replica/files.go:34.2,34.12 1 1
github.com/brlbil/replica-go/replica/files.go:26.23,28.15 2 1
github.com/brlbil/replica-go/replica/files.go:28.15,30.4 1 1
github.com/brlbil/replica-go/replica/files.go:30.4,32.4 1 1
github.com/brlbil/replica-go/replica/files.go:37.49,44.89 7 1
github.com/brlbil/replica-go/replica/files.go:47.2,47.76 1 1
github.com/brlbil/replica-go/replica/files.go:50.2,50.81 1 1
github.com/brlbil/replica-go/replica/files.go:53.2,53.32 1 1
github.com/brlbil/replica-go/replica/files.go:59.2,59.11 1 1
github.com/brlbil/replica-go/replica/files.go:44.89,46.3 1 1
github.com/brlbil/replica-go/replica/files.go:47.76,49.3 1 1
github.com/brlbil/replica-go/replica/files.go:50.81,52.3 1 1
github.com/brlbil/replica-go/replica/files.go:53.32,54.39 1 1
github.com/brlbil/replica-go/replica/files.go:57.3,57.71 1 1
github.com/brlbil/replica-go/replica/files.go:54.39,55.12 1 1
github.com/brlbil/replica-go/replica/files.go:76.41,76.65 1 1
github.com/brlbil/replica-go/replica/files.go:79.39,79.64 1 1
github.com/brlbil/replica-go/replica/files.go:83.48,84.23 1 1
github.com/brlbil/replica-go/replica/files.go:87.2,87.36 1 1
github.com/brlbil/replica-go/replica/files.go:90.2,90.11 1 1
github.com/brlbil/replica-go/replica/files.go:84.23,86.3 1 1
github.com/brlbil/replica-go/replica/files.go:87.36,89.3 1 1
github.com/brlbil/replica-go/replica/func.go:17.58,19.16 2 1
github.com/brlbil/replica-go/replica/func.go:22.2,23.16 2 1
github.com/brlbil/replica-go/replica/func.go:26.2,27.16 2 1
github.com/brlbil/replica-go/replica/func.go:19.16,21.3 1 1
github.com/brlbil/replica-go/replica/func.go:23.16,25.3 1 1
github.com/brlbil/replica-go/replica/func.go:33.65,35.16 2 1
github.com/brlbil/replica-go/replica/func.go:38.2,39.16 2 1
github.com/brlbil/replica-go/replica/func.go:42.2,42.40 1 1
github.com/brlbil/replica-go/replica/func.go:48.2,48.28 1 1
github.com/brlbil/replica-go/replica/func.go:35.16,37.3 1 1
github.com/brlbil/replica-go/replica/func.go:39.16,41.3 1 1
github.com/brlbil/replica-go/replica/func.go:42.40,46.3 3 1
github.com/brlbil/replica-go/replica/func.go:52.84,54.16 2 1
github.com/brlbil/replica-go/replica/func.go:57.2,59.25 3 1
github.com/brlbil/replica-go/replica/func.go:62.2,62.32 1 1
github.com/brlbil/replica-go/replica/func.go:65.2,66.12 2 1
github.com/brlbil/replica-go/replica/func.go:54.16,56.3 1 1
github.com/brlbil/replica-go/replica/func.go:59.25,61.3 1 1
github.com/brlbil/replica-go/replica/func.go:62.32,64.3 1 1
github.com/brlbil/replica-go/replica/func.go:70.86,77.2 2 1
github.com/brlbil/replica-go/replica/func.go:80.50,82.16 2 1
github.com/brlbil/replica-go/replica/func.go:85.2,86.12 2 1
github.com/brlbil/replica-go/replica/func.go:82.16,84.3 1 1
github.com/brlbil/replica-go/replica/func.go:90.50,92.16 2 1
github.com/brlbil/replica-go/replica/func.go:95.2,96.12 2 1
github.com/brlbil/replica-go/replica/func.go:92.16,94.3 1 1
github.com/brlbil/replica-go/replica/func.go:100.75,102.16 2 1
github.com/brlbil/replica-go/replica/func.go:105.2,105.25 1 1
github.com/brlbil/replica-go/replica/func.go:108.2,108.26 1 1
github.com/brlbil/replica-go/replica/func.go:111.2,112.12 2 1
github.com/brlbil/replica-go/replica/func.go:102.16,104.3 1 1
github.com/brlbil/replica-go/replica/func.go:105.25,107.3 1 1
github.com/brlbil/replica-go/replica/func.go:108.26,110.3 1 1
github.com/brlbil/replica-go/replica/func.go:116.86,119.16 3 1
github.com/brlbil/replica-go/replica/func.go:122.2,125.16 4 1
github.com/brlbil/replica-go/replica/func.go:128.2,128.17 1 1
github.com/brlbil/replica-go/replica/func.go:135.2,137.21 3 1
github.com/brlbil/replica-go/replica/func.go:119.16,121.3 1 1
github.com/brlbil/replica-go/replica/func.go:125.16,127.3 1 1
github.com/brlbil/replica-go/replica/func.go:128.17,134.3 4 1
github.com/brlbil/replica-go/replica/token.go:15.33,15.51 1 1
github.com/brlbil/replica-go/replica/token.go:18.30,20.2 1 1
github.com/brlbil/replica-go/replica/token.go:23.64,26.2 2 1
github.com/brlbil/replica-go/replica/token.go:29.42,30.46 1 1
github.com/brlbil/replica-go/replica/token.go:33.2,34.28 2 1
github.com/brlbil/replica-go/replica/token.go:30.46,32.3 1 1
github.com/brlbil/replica-go/replica/token.go:37.70,38.39 1 1
github.com/brlbil/replica-go/replica/token.go:41.2,42.16 2 1
github.com/brlbil/replica-go/replica/token.go:45.2,45.28 1 1
github.com/brlbil/replica-go/replica/token.go:48.2,49.16 2 1
github.com/brlbil/replica-go/replica/token.go:52.2,53.16 2 1
github.com/brlbil/replica-go/replica/token.go:56.2,56.21 1 1
github.com/brlbil/replica-go/replica/token.go:38.39,40.3 1 1
github.com/brlbil/replica-go/replica/token.go:42.16,44.3 1 1
github.com/brlbil/replica-go/replica/token.go:45.28,47.3 1 1
github.com/brlbil/replica-go/replica/token.go:49.16,51.3 1 1
github.com/brlbil/replica-go/replica/token.go:53.16,55.3 1 1
github.com/brlbil/replica-go/replica/client.go:22.69,23.16 1 1
github.com/brlbil/replica-go/replica/client.go:26.2,28.16 3 1
github.com/brlbil/replica-go/replica/client.go:31.2,31.47 1 1
github.com/brlbil/replica-go/replica/client.go:35.2,36.37 1 1
github.com/brlbil/replica-go/replica/client.go:39.2,39.39 1 1
github.com/brlbil/replica-go/replica/client.go:42.2,48.27 2 1
github.com/brlbil/replica-go/replica/client.go:52.2,52.20 1 1
github.com/brlbil/replica-go/replica/client.go:23.16,25.3 1 1
github.com/brlbil/replica-go/replica/client.go:28.16,30.3 1 1
github.com/brlbil/replica-go/replica/client.go:31.47,34.3 2 1
github.com/brlbil/replica-go/replica/client.go:36.37,38.3 1 1
github.com/brlbil/replica-go/replica/client.go:39.39,41.3 1 1
github.com/brlbil/replica-go/replica/client.go:48.27,50.3 1 1
github.com/brlbil/replica-go/replica/client.go:56.34,58.2 1 1
github.com/brlbil/replica-go/replica/client.go:61.46,62.25 1 1
github.com/brlbil/replica-go/replica/client.go:62.25,64.3 1 1
github.com/brlbil/replica-go/replica/client.go:67.64,68.25 1 1
github.com/brlbil/replica-go/replica/client.go:78.2,78.46 1 1
github.com/brlbil/replica-go/replica/client.go:81.2,82.16 2 1
github.com/brlbil/replica-go/replica/client.go:85.2,86.18 2 1
github.com/brlbil/replica-go/replica/client.go:68.25,69.15 1 1
github.com/brlbil/replica-go/replica/client.go:69.15,74.4 2 1
github.com/brlbil/replica-go/replica/client.go:74.4,76.4 1 1
github.com/brlbil/replica-go/replica/client.go:78.46,80.3 1 1
github.com/brlbil/replica-go/replica/client.go:82.16,84.3 1 1
github.com/brlbil/replica-go/replica/client.go:89.46,91.21 2 1
github.com/brlbil/replica-go/replica/client.go:94.2,95.34 2 1
github.com/brlbil/replica-go/replica/client.go:99.2,99.26 1 1
github.com/brlbil/replica-go/replica/client.go:91.21,93.3 1 1
github.com/brlbil/replica-go/replica/client.go:95.34,97.3 1 1
github.com/brlbil/replica-go/replica/client.go:102.78,104.16 2 1
github.com/brlbil/replica-go/replica/client.go:107.2,108.17 2 1
github.com/brlbil/replica-go/replica/client.go:104.16,106.3 1 1
github.com/brlbil/replica-go/replica/client.go:111.46,112.28 1 1
github.com/brlbil/replica-go/replica/client.go:121.2,121.12 1 1
github.com/brlbil/replica-go/replica/client.go:112.28,114.17 2 1
github.com/brlbil/replica-go/replica/client.go:117.3,119.44 2 1
github.com/brlbil/replica-go/replica/client.go:114.17,116.4 1 1
github.com/brlbil/replica-go/replica/error.go:14.36,16.2 1 1
github.com/brlbil/replica-go/replica/error.go:18.52,21.37 3 1
github.com/brlbil/replica-go/replica/error.go:26.2,26.13 1 1
github.com/brlbil/replica-go/replica/error.go:21.37,25.3 3 1
